# JRE version: Java(TM) SE Runtime Environment (9.0+11) (build 9.0.4+11)
# Java VM: Java HotSpot(TM) 64-Bit Server VM (9.0.4+11, mixed mode, tiered, compressed oops, g1 gc, windows-amd64)
Heap:
 garbage-first heap   total 190464K, used 85233K [0x0000000700000000, 0x00000007001005d0, 0x00000007c0000000)
  region size 1024K, 7 young (7168K), 0 survivors (0K)
 Metaspace       used 84597K, capacity 86798K, committed 94076K, reserved 1130496K
  class space    used 10995K, capacity 11447K, committed 12924K, reserved 1048576K
GC Heap History (10 events):
Event: 4094.218 GC heap before
{Heap before GC invocations=927 (full 368):
 garbage-first heap   total 190464K, used 139845K [0x0000000700000000, 0x00000007001005d0, 0x00000007c0000000)
  region size 1024K, 60 young (61440K), 1 survivors (1024K)
 Metaspace       used 84587K, capacity 86782K, committed 94076K, reserved 1130496K
  class space    used 10994K, capacity 11445K, committed 12924K, reserved 1048576K
}
Event: 4094.220 GC heap after
{Heap after GC invocations=928 (full 368):
 garbage-first heap   total 190464K, used 79433K [0x0000000700000000, 0x00000007001005d0, 0x00000007c0000000)
  region size 1024K, 1 young (1024K), 1 survivors (1024K)
 Metaspace       used 84587K, capacity 86782K, committed 94076K, reserved 1130496K
  class space    used 10994K, capacity 11445K, committed 12924K, reserved 1048576K
}
Event: 4104.014 GC heap before
{Heap before GC invocations=928 (full 368):
 garbage-first heap   total 190464K, used 139849K [0x0000000700000000, 0x00000007001005d0, 0x00000007c0000000)
  region size 1024K, 60 young (61440K), 1 survivors (1024K)
 Metaspace       used 84588K, capacity 86786K, committed 94076K, reserved 1130496K
  class space    used 10994K, capacity 11445K, committed 12924K, reserved 1048576K
}
Event: 4104.016 GC heap after
{Heap after GC invocations=929 (full 368):
 garbage-first heap   total 190464K, used 79512K [0x0000000700000000, 0x00000007001005d0, 0x00000007c0000000)
  region size 1024K, 1 young (1024K), 1 survivors (1024K)
 Metaspace       used 84588K, capacity 86786K, committed 94076K, reserved 1130496K
  class space    used 10994K, capacity 11445K, committed 12924K, reserved 1048576K
}
Event: 4104.132 GC heap before
{Heap before GC invocations=929 (full 368):
 garbage-first heap   total 190464K, used 139928K [0x0000000700000000, 0x00000007001005d0, 0x00000007c0000000)
  region size 1024K, 60 young (61440K), 1 survivors (1024K)
 Metaspace       used 84588K, capacity 86786K, committed 94076K, reserved 1130496K
  class space    used 10994K, capacity 11445K, committed 12924K, reserved 1048576K
}
Event: 4104.134 GC heap after
{Heap after GC invocations=930 (full 368):
 garbage-first heap   total 190464K, used 79551K [0x0000000700000000, 0x00000007001005d0, 0x00000007c0000000)
  region size 1024K, 1 young (1024K), 1 survivors (1024K)
 Metaspace       used 84588K, capacity 86786K, committed 94076K, reserved 1130496K
  class space    used 10994K, capacity 11445K, committed 12924K, reserved 1048576K
}
Event: 4107.232 GC heap before
{Heap before GC invocations=930 (full 368):
 garbage-first heap   total 190464K, used 139967K [0x0000000700000000, 0x00000007001005d0, 0x00000007c0000000)
  region size 1024K, 60 young (61440K), 1 survivors (1024K)
 Metaspace       used 84589K, capacity 86786K, committed 94076K, reserved 1130496K
  class space    used 10994K, capacity 11445K, committed 12924K, reserved 1048576K
}
Event: 4107.234 GC heap after
{Heap after GC invocations=931 (full 368):
 garbage-first heap   total 190464K, used 79831K [0x0000000700000000, 0x00000007001005d0, 0x00000007c0000000)
  region size 1024K, 1 young (1024K), 1 survivors (1024K)
 Metaspace       used 84589K, capacity 86786K, committed 94076K, reserved 1130496K
  class space    used 10994K, capacity 11445K, committed 12924K, reserved 1048576K
}
Event: 4110.780 GC heap before
{Heap before GC invocations=931 (full 368):
 garbage-first heap   total 190464K, used 134103K [0x0000000700000000, 0x00000007001005d0, 0x00000007c0000000)
  region size 1024K, 53 young (54272K), 1 survivors (1024K)
 Metaspace       used 84592K, capacity 86786K, committed 94076K, reserved 1130496K
  class space    used 10994K, capacity 11445K, committed 12924K, reserved 1048576K
}
Event: 4110.939 GC heap after
{Heap after GC invocations=932 (full 369):
 garbage-first heap   total 190464K, used 79089K [0x0000000700000000, 0x00000007001005d0, 0x00000007c0000000)
  region size 1024K, 0 young (0K), 0 survivors (0K)
 Metaspace       used 84592K, capacity 86786K, committed 94076K, reserved 1130496K
  class space    used 10994K, capacity 11445K, committed 12924K, reserved 1048576K
}

